<?xml version="1.0" encoding="UTF-8"?>
<!-- Generated by org.testng.reporters.JUnitXMLReporter -->
<testsuite ignored="0" hostname="DESKTOP-HC3PUPK" failures="0" tests="3" name="Default test" time="19.069" errors="0" timestamp="2024-06-01T20:17:47 IST">
  <testcase classname="dataProviderDemo.Login_Data_Driven" name="validCredentials" time="2.355"/>
  <testcase classname="dataProviderDemo.Login_Data_Driven" name="validCredentials" time="2.139"/>
  <testcase classname="dataProviderDemo.Login_Data_Driven" name="validCredentials" time="2.159"/>
</testsuite> <!-- Default test -->
