<?xml version="1.0" encoding="UTF-8"?>
<testng-results ignored="0" total="3" passed="3" failed="0" skipped="0">
  <reporter-output>
  </reporter-output>
  <suite started-at="2024-06-01T20:17:28 IST" name="Default suite" finished-at="2024-06-01T20:17:47 IST" duration-ms="19069">
    <groups>
    </groups>
    <test started-at="2024-06-01T20:17:28 IST" name="Default test" finished-at="2024-06-01T20:17:47 IST" duration-ms="19069">
      <class name="dataProviderDemo.Login_Data_Driven">
        <test-method is-config="true" signature="setUp()[pri:0, instance:dataProviderDemo.Login_Data_Driven@60099951]" started-at="2024-06-01T20:17:28 IST" name="setUp" finished-at="2024-06-01T20:17:33 IST" duration-ms="5324" status="PASS">
          <reporter-output>
          </reporter-output>
        </test-method> <!-- setUp -->
        <test-method signature="validCredentials(java.lang.String,java.lang.String)[pri:0, instance:dataProviderDemo.Login_Data_Driven@60099951]" started-at="2024-06-01T20:17:33 IST" name="validCredentials" data-provider="passingData" finished-at="2024-06-01T20:17:36 IST" duration-ms="2355" status="PASS">
          <params>
            <param index="0">
              <value>
                <![CDATA[abcdefgh123@123gmail.com]]>
              </value>
            </param>
            <param index="1">
              <value>
                <![CDATA[Abcdefg123@123]]>
              </value>
            </param>
          </params>
          <reporter-output>
          </reporter-output>
        </test-method> <!-- validCredentials -->
        <test-method is-config="true" signature="tearDown()[pri:0, instance:dataProviderDemo.Login_Data_Driven@60099951]" started-at="2024-06-01T20:17:36 IST" name="tearDown" finished-at="2024-06-01T20:17:36 IST" duration-ms="405" status="PASS">
          <reporter-output>
          </reporter-output>
        </test-method> <!-- tearDown -->
        <test-method is-config="true" signature="setUp()[pri:0, instance:dataProviderDemo.Login_Data_Driven@60099951]" started-at="2024-06-01T20:17:36 IST" name="setUp" finished-at="2024-06-01T20:17:39 IST" duration-ms="2813" status="PASS">
          <reporter-output>
          </reporter-output>
        </test-method> <!-- setUp -->
        <test-method signature="validCredentials(java.lang.String,java.lang.String)[pri:0, instance:dataProviderDemo.Login_Data_Driven@60099951]" started-at="2024-06-01T20:17:39 IST" name="validCredentials" data-provider="passingData" finished-at="2024-06-01T20:17:41 IST" duration-ms="2139" status="PASS">
          <params>
            <param index="0">
              <value>
                <![CDATA[abcdefgh123@123456gmail.com]]>
              </value>
            </param>
            <param index="1">
              <value>
                <![CDATA[Abcdefg123@123]]>
              </value>
            </param>
          </params>
          <reporter-output>
          </reporter-output>
        </test-method> <!-- validCredentials -->
        <test-method is-config="true" signature="tearDown()[pri:0, instance:dataProviderDemo.Login_Data_Driven@60099951]" started-at="2024-06-01T20:17:41 IST" name="tearDown" finished-at="2024-06-01T20:17:42 IST" duration-ms="391" status="PASS">
          <reporter-output>
          </reporter-output>
        </test-method> <!-- tearDown -->
        <test-method is-config="true" signature="setUp()[pri:0, instance:dataProviderDemo.Login_Data_Driven@60099951]" started-at="2024-06-01T20:17:42 IST" name="setUp" finished-at="2024-06-01T20:17:45 IST" duration-ms="3005" status="PASS">
          <reporter-output>
          </reporter-output>
        </test-method> <!-- setUp -->
        <test-method signature="validCredentials(java.lang.String,java.lang.String)[pri:0, instance:dataProviderDemo.Login_Data_Driven@60099951]" started-at="2024-06-01T20:17:45 IST" name="validCredentials" data-provider="passingData" finished-at="2024-06-01T20:17:47 IST" duration-ms="2159" status="PASS">
          <params>
            <param index="0">
              <value>
                <![CDATA[abcdefgh123@123456789gmail.com]]>
              </value>
            </param>
            <param index="1">
              <value>
                <![CDATA[Abcdefg123@123]]>
              </value>
            </param>
          </params>
          <reporter-output>
          </reporter-output>
        </test-method> <!-- validCredentials -->
        <test-method is-config="true" signature="tearDown()[pri:0, instance:dataProviderDemo.Login_Data_Driven@60099951]" started-at="2024-06-01T20:17:47 IST" name="tearDown" finished-at="2024-06-01T20:17:47 IST" duration-ms="329" status="PASS">
          <reporter-output>
          </reporter-output>
        </test-method> <!-- tearDown -->
      </class> <!-- dataProviderDemo.Login_Data_Driven -->
    </test> <!-- Default test -->
  </suite> <!-- Default suite -->
</testng-results>
