<?xml version="1.0" encoding="UTF-8"?>
<!-- Generated by org.testng.reporters.JUnitXMLReporter -->
<testsuite ignored="0" hostname="DESKTOP-HC3PUPK" failures="0" tests="4" name="TestThree" time="0.03" errors="0" timestamp="2024-05-25T16:05:02 IST">
  <testcase classname="test_cases.demo1" name="m1" time="0.001"/>
  <testcase classname="test_cases.demo1" name="m2" time="0.002"/>
  <testcase classname="test_cases.Demo2" name="m3" time="0.005"/>
  <testcase classname="test_cases.Demo2" name="m4" time="0.001"/>
</testsuite> <!-- TestThree -->
