<?xml version="1.0" encoding="UTF-8"?>
<!-- Generated by org.testng.reporters.JUnitXMLReporter -->
<testsuite ignored="0" hostname="DESKTOP-HC3PUPK" failures="2" tests="7" name="TestTwo" time="34.084" errors="0" timestamp="2024-05-25T17:28:49 IST">
  <testcase classname="test_cases.Register" name="withoutenteranyfields" time="1.812"/>
  <testcase classname="test_cases.Login" name="validUsername_ValidPassword" time="1.922"/>
  <testcase classname="test_cases.Login" name="validusername_invalidpassword" time="2.067"/>
  <testcase classname="test_cases.Login" name="inValidusername_validpassword" time="1.812">
    <failure type="junit.framework.ComparisonFailure" message="expected:&amp;lt;Warning: [Your account has exceeded allowed number of login attempts. Please try again in 1 hour].&amp;gt; but was:&amp;lt;Warning: [No match for E-Mail Address and/or Password].&amp;gt;">
      <![CDATA[junit.framework.ComparisonFailure: expected:<Warning: [Your account has exceeded allowed number of login attempts. Please try again in 1 hour].> but was:<Warning: [No match for E-Mail Address and/or Password].>
at junit.framework.Assert.assertEquals(Assert.java:100)
at junit.framework.Assert.assertEquals(Assert.java:107)
at test_cases.Login.inValidusername_validpassword(Login.java:92)
at java.base/java.util.ArrayList.forEach(ArrayList.java:1511)
... Removed 27 stack frames]]>
    </failure>
  </testcase> <!-- inValidusername_validpassword -->
  <testcase classname="test_cases.Login" name="inValidusername_inValidpassword" time="1.844">
    <failure type="junit.framework.ComparisonFailure" message="expected:&amp;lt;Warning: [Your account has exceeded allowed number of login attempts. Please try again in 1 hour].&amp;gt; but was:&amp;lt;Warning: [No match for E-Mail Address and/or Password].&amp;gt;">
      <![CDATA[junit.framework.ComparisonFailure: expected:<Warning: [Your account has exceeded allowed number of login attempts. Please try again in 1 hour].> but was:<Warning: [No match for E-Mail Address and/or Password].>
at junit.framework.Assert.assertEquals(Assert.java:100)
at junit.framework.Assert.assertEquals(Assert.java:107)
at test_cases.Login.inValidusername_inValidpassword(Login.java:119)
at java.base/java.util.ArrayList.forEach(ArrayList.java:1511)
... Removed 27 stack frames]]>
    </failure>
  </testcase> <!-- inValidusername_inValidpassword -->
  <testcase classname="test_cases.Login" name="login_without_credentials" time="1.741"/>
  <testcase classname="test_cases.Search" name="search_product" time="0.522"/>
</testsuite> <!-- TestTwo -->
