<?xml version="1.0" encoding="UTF-8"?>
<!-- Generated by org.testng.reporters.JUnitXMLReporter -->
<testsuite ignored="2" hostname="DESKTOP-HC3PUPK" failures="0" tests="4" name="TestThree" time="0.039" errors="0" timestamp="2024-05-25T17:28:49 IST">
  <testcase classname="demo_Testcases.demo1" name="m1" time="0.001"/>
  <testcase classname="demo_Testcases.demo1" name="m2" time="0.002"/>
  <testcase classname="demo_Testcases.Demo2" name="m3" time="0.002"/>
  <testcase classname="demo_Testcases.Demo2" name="m4" time="0.002"/>
  <testcase classname="demo_Testcases.BaseClassDemo" name="@BeforeSuite setUpdemo" time="0.0">
    <ignored/>
  </testcase> <!-- @BeforeSuite setUpdemo -->
  <testcase classname="demo_Testcases.BaseClassDemo" name="@AfterSuite tearDowndemo" time="0.0">
    <ignored/>
  </testcase> <!-- @AfterSuite tearDowndemo -->
</testsuite> <!-- TestThree -->
